<?xml version="1.0" encoding="UTF-8"?>
<testng-results skipped="0" failed="0" total="0" passed="0">
  <reporter-output>
  </reporter-output>
  <suite name="Suite" duration-ms="47960" started-at="2019-03-05T12:49:38Z" finished-at="2019-03-05T12:50:26Z">
    <groups>
    </groups>
    <test name="Test" duration-ms="47960" started-at="2019-03-05T12:49:38Z" finished-at="2019-03-05T12:50:26Z">
      <class name="Tests.Test_Login">
        <test-method status="PASS" signature="setUp()[pri:0, instance:Tests.Test_Login@396a51ab]" name="setUp" is-config="true" duration-ms="45069" started-at="2019-03-05T18:19:38Z" finished-at="2019-03-05T18:20:23Z">
          <reporter-output>
          </reporter-output>
        </test-method> <!-- setUp -->
        <test-method status="PASS" signature="tearDown()[pri:0, instance:Tests.Test_Login@396a51ab]" name="tearDown" is-config="true" duration-ms="2676" started-at="2019-03-05T18:20:23Z" finished-at="2019-03-05T18:20:26Z">
          <reporter-output>
          </reporter-output>
        </test-method> <!-- tearDown -->
      </class> <!-- Tests.Test_Login -->
    </test> <!-- Test -->
  </suite> <!-- Suite -->
</testng-results>
